<?xml version="1.0" encoding="UTF-8"?>
<TestRun id="ecbba579-46a8-4d5c-9962-c6be718811f1" name="Administrator@JIGUIXIN 2012-03-19 13:17:56" runUser="JIGUIXIN\Administrator" xmlns="http://microsoft.com/schemas/VisualStudio/TeamTest/2010">
  <TestSettings name="默认测试设置" id="5130b974-a99a-4770-9088-ee1f1947c83f">
    <Deployment runDeploymentRoot="Administrator_JIGUIXIN 2012-03-19 13_17_56">
      <DeploymentItem filename="E:\MyCode\MyCommonLibrary\Assemblies\Rhino.Mocks.dll" />
      <DeploymentItem filename="E:\MyCode\MyCommonLibrary\Output\Infrastructure.Crosscutting.NetFramework.dll" />
      <DeploymentItem filename="E:\MyCode\MyCommonLibrary\Assemblies\Microsoft.Practices.Unity.dll" />
      <DeploymentItem filename="E:\MyCode\MyCommonLibrary\Assemblies\Microsoft.Practices.ServiceLocation.dll" />
      <DeploymentItem filename="E:\MyCode\MyCommonLibrary\Output\Infrastructure.Crosscutting.dll" />
      <DeploymentItem filename="E:\MyCode\MyCommonLibrary\Assemblies\Microsoft.Practices.Unity.Configuration.dll" />
      <DeploymentItem filename="E:\MyCode\MyCommonLibrary\Assemblies\nunit.framework.dll" />
      <DeploymentItem filename="E:\MyCode\MyCommonLibrary\Assemblies\AutoMapper.dll" />
    </Deployment>
    <Execution>
      <TestTypeSpecific />
      <AgentRule name="Execution Agents">
      </AgentRule>
    </Execution>
  </TestSettings>
  <Times creation="2012-03-19T13:17:56.9218750+08:00" queuing="2012-03-19T13:18:01.7187500+08:00" start="2012-03-19T13:18:01.9218750+08:00" finish="2012-03-19T13:18:02.7500000+08:00" />
  <ResultSummary outcome="Completed">
    <Counters total="1" executed="1" passed="1" error="0" failed="0" timeout="0" aborted="0" inconclusive="0" passedButRunAborted="0" notRunnable="0" notExecuted="0" disconnected="0" warning="0" completed="0" inProgress="0" pending="0" />
  </ResultSummary>
  <TestDefinitions>
    <UnitTest name="PerformValidationIsValidReturnFalseWithInvalidEntities" storage="e:\mycode\mycommonlibrary\testoutput\infrastructure.crosscutting.tests.dll" id="50cdc89f-5d36-0f4f-06b9-9d59d545dc5c">
      <Execution id="49fc7fbc-577e-4bf2-b799-4a36b4c2cdc0" />
      <TestMethod codeBase="E:/MyCode/MyCommonLibrary/TestOutput/Infrastructure.Crosscutting.Tests.DLL" adapterTypeName="Microsoft.VisualStudio.TestTools.TestTypes.Unit.UnitTestAdapter, Microsoft.VisualStudio.QualityTools.Tips.UnitTest.Adapter, Version=10.0.0.0, Culture=neutral, PublicKeyToken=b03f5f7f11d50a3a" className="Infrastructure.Crosscutting.Tests.ValidatorsTests, Infrastructure.Crosscutting.Tests, Version=1.0.0.0, Culture=neutral, PublicKeyToken=null" name="PerformValidationIsValidReturnFalseWithInvalidEntities" />
    </UnitTest>
  </TestDefinitions>
  <TestLists>
    <TestList name="列表中未列出的结果" id="8c84fa94-04c1-424b-9868-57a2d4851a1d" />
    <TestList name="所有已加载的结果" id="19431567-8539-422a-85d7-44ee4e166bda" />
  </TestLists>
  <TestEntries>
    <TestEntry testId="50cdc89f-5d36-0f4f-06b9-9d59d545dc5c" executionId="49fc7fbc-577e-4bf2-b799-4a36b4c2cdc0" testListId="8c84fa94-04c1-424b-9868-57a2d4851a1d" />
  </TestEntries>
  <Results>
    <UnitTestResult executionId="49fc7fbc-577e-4bf2-b799-4a36b4c2cdc0" testId="50cdc89f-5d36-0f4f-06b9-9d59d545dc5c" testName="PerformValidationIsValidReturnFalseWithInvalidEntities" computerName="JIGUIXIN" duration="00:00:00.0611443" startTime="2012-03-19T13:18:01.9843750+08:00" endTime="2012-03-19T13:18:02.7187500+08:00" testType="13cdc9d9-ddb5-4fa4-a97d-d965ccfc6d4b" outcome="Passed" testListId="8c84fa94-04c1-424b-9868-57a2d4851a1d" relativeResultsDirectory="49fc7fbc-577e-4bf2-b799-4a36b4c2cdc0">
    </UnitTestResult>
  </Results>
</TestRun>